<?xml version="1.0" encoding="UTF-8"?>
<!-- Generated by org.testng.reporters.JUnitXMLReporter -->
<testsuite hostname="venkat-PC" ignored="0" name="Default test" tests="4" failures="0" timestamp="06 Mar 2018 04:25:14 GMT" time="68.568" errors="0">
  <testcase name="loginpagetitleTest" time="0.083" classname="com.qa.testclasses.LoginPageTest"/>
  <testcase name="loginbtnenabledTest" time="2.005" classname="com.qa.testclasses.LoginPageTest"/>
  <testcase name="headerverification" time="0.465" classname="com.qa.testclasses.LoginPageTest"/>
  <testcase name="loginbtnclickverificationTest" time="20.351" classname="com.qa.testclasses.LoginPageTest"/>
</testsuite> <!-- Default test -->
