<?xml version="1.0" encoding="UTF-8"?>
<!-- Generated by org.testng.reporters.JUnitXMLReporter -->
<testsuite hostname="venkat-PC" ignored="0" name="freecrmtestContactsPagetest" tests="4" failures="0" timestamp="06 Mar 2018 04:39:02 GMT" time="243.52" errors="0">
  <testcase name="readcontactinfotextTest" time="10.474" classname="com.qa.testclasses.ContactsPageTest"/>
  <testcase name="createnewcontacttest" time="12.911" classname="com.qa.testclasses.ContactsPageTest"/>
  <testcase name="createnewcontacttest" time="13.062" classname="com.qa.testclasses.ContactsPageTest"/>
  <testcase name="createnewcontacttest" time="12.915" classname="com.qa.testclasses.ContactsPageTest"/>
</testsuite> <!-- freecrmtestContactsPagetest -->
