<?xml version="1.0" encoding="UTF-8"?>
<!-- Generated by org.testng.reporters.JUnitXMLReporter -->
<testsuite hostname="venkat-PC" ignored="0" name="freecrmtestloginpagetest" tests="4" failures="0" timestamp="06 Mar 2018 04:31:21 GMT" time="87.595" errors="0">
  <testcase name="loginpagetitleTest" time="1.372" classname="com.qa.testclasses.LoginPageTest"/>
  <testcase name="loginbtnenabledTest" time="0.128" classname="com.qa.testclasses.LoginPageTest"/>
  <testcase name="headerverification" time="0.09" classname="com.qa.testclasses.LoginPageTest"/>
  <testcase name="loginbtnclickverificationTest" time="19.032" classname="com.qa.testclasses.LoginPageTest"/>
</testsuite> <!-- freecrmtestloginpagetest -->
