<?xml version="1.0" encoding="UTF-8"?>
<!-- Generated by org.testng.reporters.JUnitXMLReporter -->
<testsuite hostname="venkat-PC" ignored="0" name="freecrmtesthomepagetest" tests="5" failures="0" timestamp="06 Mar 2018 04:34:59 GMT" time="218.029" errors="0">
  <testcase name="verifyhomepagetitleTest" time="0.032" classname="com.qa.testclasses.HomePageTest"/>
  <testcase name="checkuserlogoutTest" time="4.111" classname="com.qa.testclasses.HomePageTest"/>
  <testcase name="quicksearchtextTest" time="11.517" classname="com.qa.testclasses.HomePageTest"/>
  <testcase name="verifyHomepageheaderTest" time="0.197" classname="com.qa.testclasses.HomePageTest"/>
  <testcase name="verifyusernameisdisplayedTest" time="0.194" classname="com.qa.testclasses.HomePageTest"/>
</testsuite> <!-- freecrmtesthomepagetest -->
