<?xml version="1.0" encoding="UTF-8"?>
<!-- Generated by org.testng.reporters.JUnitXMLReporter -->
<testsuite hostname="venkat-PC" ignored="0" name="freecrmtestContactsPagetest" tests="4" failures="0" timestamp="05 Mar 2018 16:11:47 GMT" time="295.476" errors="0">
  <testcase name="readcontactinfotextTest" time="10.389" classname="com.qa.testclasses.ContactsPageTest"/>
  <testcase name="createnewcontacttest" time="13.714" classname="com.qa.testclasses.ContactsPageTest"/>
  <testcase name="createnewcontacttest" time="13.869" classname="com.qa.testclasses.ContactsPageTest"/>
  <testcase name="createnewcontacttest" time="12.554" classname="com.qa.testclasses.ContactsPageTest"/>
</testsuite> <!-- freecrmtestContactsPagetest -->
