<?xml version="1.0" encoding="UTF-8"?>
<!-- Generated by org.testng.reporters.JUnitXMLReporter -->
<testsuite hostname="venkat-PC" ignored="0" name="freecrmtestloginpagetest" tests="4" failures="4" timestamp="05 Mar 2018 16:02:53 GMT" time="127.451" errors="0">
  <testcase name="loginpagetitleTest" time="0.018" classname="com.qa.testclasses.LoginPageTest">
    <failure type="java.lang.NullPointerException">
      <![CDATA[java.lang.NullPointerExceptionat com.qa.testclasses.LoginPageTest.loginpagetitleTest(LoginPageTest.java:26)... Removed 25 stack frames]]>
    </failure>
  </testcase> <!-- loginpagetitleTest -->
  <testcase name="loginbtnenabledTest" time="0.004" classname="com.qa.testclasses.LoginPageTest">
    <failure type="java.lang.NullPointerException">
      <![CDATA[java.lang.NullPointerExceptionat com.qa.testclasses.LoginPageTest.loginbtnenabledTest(LoginPageTest.java:32)... Removed 25 stack frames]]>
    </failure>
  </testcase> <!-- loginbtnenabledTest -->
  <testcase name="headerverification" time="0.002" classname="com.qa.testclasses.LoginPageTest">
    <failure type="java.lang.NullPointerException">
      <![CDATA[java.lang.NullPointerExceptionat com.qa.testclasses.LoginPageTest.headerverification(LoginPageTest.java:39)... Removed 25 stack frames]]>
    </failure>
  </testcase> <!-- headerverification -->
  <testcase name="loginbtnclickverificationTest" time="0.002" classname="com.qa.testclasses.LoginPageTest">
    <failure type="java.lang.NullPointerException">
      <![CDATA[java.lang.NullPointerExceptionat com.qa.testclasses.LoginPageTest.loginbtnclickverificationTest(LoginPageTest.java:45)... Removed 25 stack frames]]>
    </failure>
  </testcase> <!-- loginbtnclickverificationTest -->
</testsuite> <!-- freecrmtestloginpagetest -->
