<?xml version="1.0" encoding="UTF-8"?>
<testng-results skipped="0" failed="0" ignored="0" total="4" passed="4">
  <reporter-output>
  </reporter-output>
  <suite name="Default suite" duration-ms="68568" started-at="2018-03-06T04:24:05Z" finished-at="2018-03-06T04:25:14Z">
    <groups>
    </groups>
    <test name="Default test" duration-ms="68568" started-at="2018-03-06T04:24:05Z" finished-at="2018-03-06T04:25:14Z">
      <class name="com.qa.testclasses.LoginPageTest">
        <test-method status="PASS" signature="getbrowser()[pri:0, instance:com.qa.testclasses.LoginPageTest@3aeaafa6]" name="getbrowser" is-config="true" duration-ms="12539" started-at="2018-03-05T22:24:05Z" finished-at="2018-03-05T22:24:18Z">
          <reporter-output>
          </reporter-output>
        </test-method> <!-- getbrowser -->
        <test-method status="PASS" signature="loginpagetitleTest()[pri:1, instance:com.qa.testclasses.LoginPageTest@3aeaafa6]" name="loginpagetitleTest" duration-ms="83" started-at="2018-03-05T22:24:18Z" finished-at="2018-03-05T22:24:18Z">
          <reporter-output>
          </reporter-output>
        </test-method> <!-- loginpagetitleTest -->
        <test-method status="PASS" signature="closebrowser()[pri:0, instance:com.qa.testclasses.LoginPageTest@3aeaafa6]" name="closebrowser" is-config="true" duration-ms="1362" started-at="2018-03-05T22:24:18Z" finished-at="2018-03-05T22:24:19Z">
          <reporter-output>
          </reporter-output>
        </test-method> <!-- closebrowser -->
        <test-method status="PASS" signature="getbrowser()[pri:0, instance:com.qa.testclasses.LoginPageTest@3aeaafa6]" name="getbrowser" is-config="true" duration-ms="9396" started-at="2018-03-05T22:24:19Z" finished-at="2018-03-05T22:24:29Z">
          <reporter-output>
          </reporter-output>
        </test-method> <!-- getbrowser -->
        <test-method status="PASS" signature="loginbtnenabledTest()[pri:2, instance:com.qa.testclasses.LoginPageTest@3aeaafa6]" name="loginbtnenabledTest" duration-ms="2005" started-at="2018-03-05T22:24:29Z" finished-at="2018-03-05T22:24:31Z">
          <reporter-output>
          </reporter-output>
        </test-method> <!-- loginbtnenabledTest -->
        <test-method status="PASS" signature="closebrowser()[pri:0, instance:com.qa.testclasses.LoginPageTest@3aeaafa6]" name="closebrowser" is-config="true" duration-ms="1050" started-at="2018-03-05T22:24:31Z" finished-at="2018-03-05T22:24:32Z">
          <reporter-output>
          </reporter-output>
        </test-method> <!-- closebrowser -->
        <test-method status="PASS" signature="getbrowser()[pri:0, instance:com.qa.testclasses.LoginPageTest@3aeaafa6]" name="getbrowser" is-config="true" duration-ms="10202" started-at="2018-03-05T22:24:32Z" finished-at="2018-03-05T22:24:42Z">
          <reporter-output>
          </reporter-output>
        </test-method> <!-- getbrowser -->
        <test-method status="PASS" signature="headerverification()[pri:3, instance:com.qa.testclasses.LoginPageTest@3aeaafa6]" name="headerverification" duration-ms="465" started-at="2018-03-05T22:24:42Z" finished-at="2018-03-05T22:24:42Z">
          <reporter-output>
          </reporter-output>
        </test-method> <!-- headerverification -->
        <test-method status="PASS" signature="closebrowser()[pri:0, instance:com.qa.testclasses.LoginPageTest@3aeaafa6]" name="closebrowser" is-config="true" duration-ms="795" started-at="2018-03-05T22:24:42Z" finished-at="2018-03-05T22:24:43Z">
          <reporter-output>
          </reporter-output>
        </test-method> <!-- closebrowser -->
        <test-method status="PASS" signature="getbrowser()[pri:0, instance:com.qa.testclasses.LoginPageTest@3aeaafa6]" name="getbrowser" is-config="true" duration-ms="9358" started-at="2018-03-05T22:24:43Z" finished-at="2018-03-05T22:24:53Z">
          <reporter-output>
          </reporter-output>
        </test-method> <!-- getbrowser -->
        <test-method status="PASS" signature="loginbtnclickverificationTest()[pri:4, instance:com.qa.testclasses.LoginPageTest@3aeaafa6]" name="loginbtnclickverificationTest" duration-ms="20351" started-at="2018-03-05T22:24:53Z" finished-at="2018-03-05T22:25:13Z">
          <reporter-output>
          </reporter-output>
        </test-method> <!-- loginbtnclickverificationTest -->
        <test-method status="PASS" signature="closebrowser()[pri:0, instance:com.qa.testclasses.LoginPageTest@3aeaafa6]" name="closebrowser" is-config="true" duration-ms="895" started-at="2018-03-05T22:25:13Z" finished-at="2018-03-05T22:25:14Z">
          <reporter-output>
          </reporter-output>
        </test-method> <!-- closebrowser -->
      </class> <!-- com.qa.testclasses.LoginPageTest -->
    </test> <!-- Default test -->
  </suite> <!-- Default suite -->
</testng-results>
